[INFO] 09-04-2026 13:10:46 [main] [LogUtils] - *******RUN START********
[INFO] 09-04-2026 13:10:46 [main] [LogUtils] - Put all file properties
[INFO] 09-04-2026 13:10:46 [main] [LogUtils] - Put all file properties
[INFO] 09-04-2026 13:10:47 [main] [LogUtils] - OVERRIDE EXTENT REPORTS = yes
[INFO] 09-04-2026 13:10:47 [main] [LogUtils] - Link Extent Report: D:\Learn\Automation\Automationorangehrmlive\exports/ExtentReports\ExtentReports.html
[INFO] 09-04-2026 13:10:47 [main] [LogUtils] - Extent Reports is installed.
[INFO] 09-04-2026 13:10:47 [main] [LogUtils] - ========= INSTALLED CONFIGURATION DATA =========
[INFO] 09-04-2026 13:10:47 [main] [LogUtils] - =====> Starting Suite: Regression Tests
[INFO] 09-04-2026 13:10:48 [TestNG-test-Delete User-1] [LogUtils] - Ex 1
[INFO] 09-04-2026 13:10:48 [TestNG-test-Delete User-1] [LogUtils] - Ex 2
[INFO] 09-04-2026 13:10:48 [TestNG-test-Delete User-1] [LogUtils] - Ex 3
[INFO] 09-04-2026 13:10:53 [TestNG-test-Delete User-1] [LogUtils] - Testcase deleteUser is starting....
[INFO] 09-04-2026 13:10:58 [TestNG-test-Delete User-1] [LogUtils] - https://opensource-demo.orangehrmlive.com/web/index.php/auth/login contains /auth/login
[INFO] 09-04-2026 13:11:02 [TestNG-test-Delete User-1] [LogUtils] - https://opensource-demo.orangehrmlive.com/web/index.php/dashboard/index contains /dashboard/index
[ERROR] 09-04-2026 13:11:15 [TestNG-test-Delete User-1] [LogUtils] - Element not exist Expected condition failed: waiting for presence of element located by: By.xpath: //div[@role='row']//div[@role='cell'][2] (tried for 10 second(s) with 500 milliseconds interval)
[ERROR] 09-04-2026 13:11:16 [TestNG-test-Delete User-1] [LogUtils] - Element not visible
[ERROR] 09-04-2026 13:11:16 [TestNG-test-Delete User-1] [LogUtils] - Element is not visible
[INFO] 09-04-2026 13:11:16 [TestNG-test-Delete User-1] [LogUtils] - TEST FAIL!!!! Testcase deleteUser fail
[INFO] 09-04-2026 13:11:16 [TestNG-test-Delete User-1] [LogUtils] - Driver for capture is ChromeDriver: chrome on windows (8f45c52503788d28098d9b53fe373146)
[INFO] 09-04-2026 13:11:16 [TestNG-test-Delete User-1] [LogUtils] - Screenshot taken: deleteUser
[INFO] 09-04-2026 13:11:16 [TestNG-test-Delete User-1] [LogUtils] - Screenshot taken current URL: https://opensource-demo.orangehrmlive.com/web/index.php/admin/viewSystemUsers
[INFO] 09-04-2026 13:11:20 [TestNG-test-Delete User-1] [LogUtils] - Testcase deleteUser is starting....
[INFO] 09-04-2026 13:11:23 [TestNG-test-Delete User-1] [LogUtils] - https://opensource-demo.orangehrmlive.com/web/index.php/auth/login contains /auth/login
[INFO] 09-04-2026 13:11:26 [TestNG-test-Delete User-1] [LogUtils] - https://opensource-demo.orangehrmlive.com/web/index.php/dashboard/index contains /dashboard/index
[ERROR] 09-04-2026 13:11:39 [TestNG-test-Delete User-1] [LogUtils] - Element not exist Expected condition failed: waiting for presence of element located by: By.xpath: //div[@class='oxd-table-card'][1] (tried for 10 second(s) with 500 milliseconds interval)
[ERROR] 09-04-2026 13:11:49 [TestNG-test-Delete User-1] [LogUtils] - Element not exist Expected condition failed: waiting for presence of element located by: By.xpath: //div[@role='row']//div[@role='cell'][2] (tried for 10 second(s) with 500 milliseconds interval)
[ERROR] 09-04-2026 13:11:50 [TestNG-test-Delete User-1] [LogUtils] - Element not visible
[ERROR] 09-04-2026 13:11:50 [TestNG-test-Delete User-1] [LogUtils] - Element is not visible
[INFO] 09-04-2026 13:11:50 [TestNG-test-Delete User-1] [LogUtils] - TEST FAIL!!!! Testcase deleteUser fail
[INFO] 09-04-2026 13:11:50 [TestNG-test-Delete User-1] [LogUtils] - Driver for capture is ChromeDriver: chrome on windows (4933f11a0167f016026c1bd93ffbfb9c)
[INFO] 09-04-2026 13:11:50 [TestNG-test-Delete User-1] [LogUtils] - Screenshot taken: deleteUser
[INFO] 09-04-2026 13:11:50 [TestNG-test-Delete User-1] [LogUtils] - Screenshot taken current URL: https://opensource-demo.orangehrmlive.com/web/index.php/admin/viewSystemUsers
[INFO] 09-04-2026 13:11:53 [TestNG-test-Delete User-1] [LogUtils] - Testcase deleteUser is starting....
[INFO] 09-04-2026 13:11:56 [TestNG-test-Delete User-1] [LogUtils] - https://opensource-demo.orangehrmlive.com/web/index.php/auth/login contains /auth/login
[INFO] 09-04-2026 13:11:59 [TestNG-test-Delete User-1] [LogUtils] - https://opensource-demo.orangehrmlive.com/web/index.php/dashboard/index contains /dashboard/index
[ERROR] 09-04-2026 13:12:13 [TestNG-test-Delete User-1] [LogUtils] - Element not exist Expected condition failed: waiting for presence of element located by: By.xpath: //div[@class='oxd-table-card'][1] (tried for 10 second(s) with 500 milliseconds interval)
[ERROR] 09-04-2026 13:12:23 [TestNG-test-Delete User-1] [LogUtils] - Element not exist Expected condition failed: waiting for presence of element located by: By.xpath: //div[@role='row']//div[@role='cell'][2] (tried for 10 second(s) with 500 milliseconds interval)
[ERROR] 09-04-2026 13:12:24 [TestNG-test-Delete User-1] [LogUtils] - Element not visible
[ERROR] 09-04-2026 13:12:24 [TestNG-test-Delete User-1] [LogUtils] - Element is not visible
[INFO] 09-04-2026 13:12:24 [TestNG-test-Delete User-1] [LogUtils] - TEST FAIL!!!! Testcase deleteUser fail
[INFO] 09-04-2026 13:12:24 [TestNG-test-Delete User-1] [LogUtils] - Driver for capture is ChromeDriver: chrome on windows (9a440ef228100653743ae5457363d149)
[INFO] 09-04-2026 13:12:24 [TestNG-test-Delete User-1] [LogUtils] - Screenshot taken: deleteUser
[INFO] 09-04-2026 13:12:24 [TestNG-test-Delete User-1] [LogUtils] - Screenshot taken current URL: https://opensource-demo.orangehrmlive.com/web/index.php/admin/viewSystemUsers
[INFO] 09-04-2026 13:12:24 [main] [LogUtils] - ********** RUN FINISHED **********
[INFO] 09-04-2026 13:12:24 [main] [LogUtils] - =====> End Suite: Regression Tests
[INFO] 09-04-2026 14:15:07 [main] [LogUtils] - *******RUN START********
[INFO] 09-04-2026 14:15:07 [main] [LogUtils] - Put all file properties
[INFO] 09-04-2026 14:15:07 [main] [LogUtils] - Put all file properties
[INFO] 09-04-2026 14:15:07 [main] [LogUtils] - OVERRIDE EXTENT REPORTS = yes
[INFO] 09-04-2026 14:15:07 [main] [LogUtils] - Link Extent Report: D:\Learn\Automation\Automationorangehrmlive\exports/ExtentReports\ExtentReports.html
[INFO] 09-04-2026 14:15:07 [main] [LogUtils] - Extent Reports is installed.
[INFO] 09-04-2026 14:15:07 [main] [LogUtils] - ========= INSTALLED CONFIGURATION DATA =========
[INFO] 09-04-2026 14:15:07 [main] [LogUtils] - =====> Starting Suite: Regression Tests
[INFO] 09-04-2026 14:15:09 [TestNG-test-Delete User-1] [LogUtils] - Ex 1
[INFO] 09-04-2026 14:15:09 [TestNG-test-Delete User-1] [LogUtils] - Ex 2
[INFO] 09-04-2026 14:15:09 [TestNG-test-Delete User-1] [LogUtils] - Ex 3
[INFO] 09-04-2026 14:15:15 [TestNG-test-Delete User-1] [LogUtils] - Testcase deleteUser is starting....
[INFO] 09-04-2026 14:15:18 [TestNG-test-Delete User-1] [LogUtils] - https://opensource-demo.orangehrmlive.com/web/index.php/auth/login contains /auth/login
[INFO] 09-04-2026 14:15:22 [TestNG-test-Delete User-1] [LogUtils] - https://opensource-demo.orangehrmlive.com/web/index.php/dashboard/index contains /dashboard/index
[INFO] 09-04-2026 14:15:26 [TestNG-test-Delete User-1] [LogUtils] - Verify Equals: autouser0-1775717631442=autouser0-1775717631442
[ERROR] 09-04-2026 14:15:39 [TestNG-test-Delete User-1] [LogUtils] - Element not exist Expected condition failed: waiting for presence of element located by: By.xpath: //div[@class='oxd-table-card'][1] (tried for 10 second(s) with 500 milliseconds interval)
[INFO] 09-04-2026 14:15:39 [TestNG-test-Delete User-1] [LogUtils] - No Records Found contains No Records Found
[INFO] 09-04-2026 14:15:39 [TestNG-test-Delete User-1] [LogUtils] - TEST SUCCESS!!! Test case deleteUser pass
[INFO] 09-04-2026 14:15:39 [TestNG-test-Delete User-1] [LogUtils] - Driver for capture is ChromeDriver: chrome on windows (e9e573b8dc555dfe13e0d404617bf76f)
[INFO] 09-04-2026 14:15:40 [TestNG-test-Delete User-1] [LogUtils] - Screenshot taken: deleteUser
[INFO] 09-04-2026 14:15:40 [TestNG-test-Delete User-1] [LogUtils] - Screenshot taken current URL: https://opensource-demo.orangehrmlive.com/web/index.php/admin/viewSystemUsers
[INFO] 09-04-2026 14:15:44 [TestNG-test-Delete User-1] [LogUtils] - Testcase deleteUser is starting....
[INFO] 09-04-2026 14:15:47 [TestNG-test-Delete User-1] [LogUtils] - https://opensource-demo.orangehrmlive.com/web/index.php/auth/login contains /auth/login
[INFO] 09-04-2026 14:15:51 [TestNG-test-Delete User-1] [LogUtils] - https://opensource-demo.orangehrmlive.com/web/index.php/dashboard/index contains /dashboard/index
[INFO] 09-04-2026 14:15:54 [TestNG-test-Delete User-1] [LogUtils] - Verify Equals: bhavanas=bhavanas
[ERROR] 09-04-2026 14:16:07 [TestNG-test-Delete User-1] [LogUtils] - Element not exist Expected condition failed: waiting for presence of element located by: By.xpath: //div[@class='oxd-table-card'][1] (tried for 10 second(s) with 500 milliseconds interval)
[INFO] 09-04-2026 14:16:07 [TestNG-test-Delete User-1] [LogUtils] - No Records Found contains No Records Found
[INFO] 09-04-2026 14:16:07 [TestNG-test-Delete User-1] [LogUtils] - TEST SUCCESS!!! Test case deleteUser pass
[INFO] 09-04-2026 14:16:07 [TestNG-test-Delete User-1] [LogUtils] - Driver for capture is ChromeDriver: chrome on windows (3fa9649262be04ef7480b42084b485b3)
[INFO] 09-04-2026 14:16:07 [TestNG-test-Delete User-1] [LogUtils] - Screenshot taken: deleteUser
[INFO] 09-04-2026 14:16:07 [TestNG-test-Delete User-1] [LogUtils] - Screenshot taken current URL: https://opensource-demo.orangehrmlive.com/web/index.php/admin/viewSystemUsers
[INFO] 09-04-2026 14:16:10 [TestNG-test-Delete User-1] [LogUtils] - Testcase deleteUser is starting....
[INFO] 09-04-2026 14:16:14 [TestNG-test-Delete User-1] [LogUtils] - https://opensource-demo.orangehrmlive.com/web/index.php/auth/login contains /auth/login
[INFO] 09-04-2026 14:16:17 [TestNG-test-Delete User-1] [LogUtils] - https://opensource-demo.orangehrmlive.com/web/index.php/dashboard/index contains /dashboard/index
[INFO] 09-04-2026 14:16:20 [TestNG-test-Delete User-1] [LogUtils] - Verify Equals: Dixit0.06548401522989167=Dixit0.06548401522989167
[ERROR] 09-04-2026 14:16:33 [TestNG-test-Delete User-1] [LogUtils] - Element not exist Expected condition failed: waiting for presence of element located by: By.xpath: //div[@class='oxd-table-card'][1] (tried for 10 second(s) with 500 milliseconds interval)
[INFO] 09-04-2026 14:16:33 [TestNG-test-Delete User-1] [LogUtils] - No Records Found contains No Records Found
[INFO] 09-04-2026 14:16:33 [TestNG-test-Delete User-1] [LogUtils] - TEST SUCCESS!!! Test case deleteUser pass
[INFO] 09-04-2026 14:16:33 [TestNG-test-Delete User-1] [LogUtils] - Driver for capture is ChromeDriver: chrome on windows (0f3d61ace38c6954b967b6cca3979979)
[INFO] 09-04-2026 14:16:33 [TestNG-test-Delete User-1] [LogUtils] - Screenshot taken: deleteUser
[INFO] 09-04-2026 14:16:33 [TestNG-test-Delete User-1] [LogUtils] - Screenshot taken current URL: https://opensource-demo.orangehrmlive.com/web/index.php/admin/viewSystemUsers
[INFO] 09-04-2026 14:16:34 [main] [LogUtils] - ********** RUN FINISHED **********
[INFO] 09-04-2026 14:16:34 [main] [LogUtils] - =====> End Suite: Regression Tests
